*** Starting uWSGI 2.0.17 (64bit) on [Sat May 12 00:21:17 2018] ***
compiled with version: 4.8.5 20150623 (Red Hat 4.8.5-16) on 15 March 2018 11:09:34
os: Linux-3.10.0-514.21.1.el7.x86_64 #1 SMP Thu May 25 17:04:51 UTC 2017
nodename: VM_186_195_centos
machine: x86_64
clock source: unix
pcre jit disabled
detected number of CPU cores: 1
current working directory: /root/mi/python/find_keyword2_1/dj_scrapy2
writing pidfile to uwsgi.pid
detected binary path: /root/.virtualenvs/py3/bin/uwsgi
uWSGI running as root, you can use --uid/--gid/--chroot options
*** WARNING: you are running uWSGI as root !!! (use the --uid flag) *** 
chdir() to /root/mi/python/find_keyword2_1/dj_scrapy2
your processes number limit is 7284
your memory page size is 4096 bytes
 *** WARNING: you have enabled harakiri without post buffering. Slow upload could be rejected on post-unbuffered webservers *** 
detected max file descriptor number: 100001
lock engine: pthread robust mutexes
thunder lock: disabled (you can enable it with --thunder-lock)
uwsgi socket 0 bound to TCP address 127.0.0.1:9000 fd 3
uWSGI running as root, you can use --uid/--gid/--chroot options
*** WARNING: you are running uWSGI as root !!! (use the --uid flag) *** 
Python version: 3.6.4 (default, Mar 15 2018, 01:55:41)  [GCC 4.8.5 20150623 (Red Hat 4.8.5-16)]
Python main interpreter initialized at 0x24ecc40
uWSGI running as root, you can use --uid/--gid/--chroot options
*** WARNING: you are running uWSGI as root !!! (use the --uid flag) *** 
python threads support enabled
your server socket listen backlog is limited to 100 connections
your mercy for graceful operations on workers is 60 seconds
mapped 889416 bytes (868 KB) for 8 cores
*** Operational MODE: preforking ***
WSGI app 0 (mountpoint='') ready in 0 seconds on interpreter 0x24ecc40 pid: 14321 (default app)
uWSGI running as root, you can use --uid/--gid/--chroot options
*** WARNING: you are running uWSGI as root !!! (use the --uid flag) *** 
*** uWSGI is running in multiple interpreter mode ***
spawned uWSGI master process (pid: 14321)
spawned uWSGI worker 1 (pid: 14325, cores: 1)
spawned uWSGI worker 2 (pid: 14326, cores: 1)
spawned uWSGI worker 3 (pid: 14327, cores: 1)
spawned uWSGI worker 4 (pid: 14328, cores: 1)
spawned uWSGI worker 5 (pid: 14329, cores: 1)
spawned uWSGI worker 6 (pid: 14330, cores: 1)
spawned uWSGI worker 7 (pid: 14331, cores: 1)
spawned uWSGI worker 8 (pid: 14332, cores: 1)
{'code': 'sdafsa'}
b'{"code": "sdafsa"}'
[pid: 14325|app: 0|req: 1/1] 61.148.243.81 () {40 vars in 509 bytes} [Sat May 12 00:21:41 2018] POST /getOpenid/ => generated 4 bytes in 140 msecs (HTTP/1.1 200) 2 headers in 88 bytes (1 switches on core 0)
*** Starting uWSGI 2.0.17 (64bit) on [Sat May 12 00:24:21 2018] ***
compiled with version: 4.8.5 20150623 (Red Hat 4.8.5-16) on 15 March 2018 11:09:34
os: Linux-3.10.0-514.21.1.el7.x86_64 #1 SMP Thu May 25 17:04:51 UTC 2017
nodename: VM_186_195_centos
machine: x86_64
clock source: unix
pcre jit disabled
detected number of CPU cores: 1
current working directory: /root/mi/python/find_keyword2_1/dj_scrapy2
writing pidfile to uwsgi.pid
detected binary path: /root/.virtualenvs/py3/bin/uwsgi
uWSGI running as root, you can use --uid/--gid/--chroot options
*** WARNING: you are running uWSGI as root !!! (use the --uid flag) *** 
chdir() to /root/mi/python/find_keyword2_1/dj_scrapy2
your processes number limit is 7284
your memory page size is 4096 bytes
 *** WARNING: you have enabled harakiri without post buffering. Slow upload could be rejected on post-unbuffered webservers *** 
detected max file descriptor number: 100001
lock engine: pthread robust mutexes
thunder lock: disabled (you can enable it with --thunder-lock)
uwsgi socket 0 bound to TCP address 127.0.0.1:9000 fd 3
uWSGI running as root, you can use --uid/--gid/--chroot options
*** WARNING: you are running uWSGI as root !!! (use the --uid flag) *** 
Python version: 3.6.4 (default, Mar 15 2018, 01:55:41)  [GCC 4.8.5 20150623 (Red Hat 4.8.5-16)]
Python main interpreter initialized at 0x18e3c40
uWSGI running as root, you can use --uid/--gid/--chroot options
*** WARNING: you are running uWSGI as root !!! (use the --uid flag) *** 
python threads support enabled
your server socket listen backlog is limited to 100 connections
your mercy for graceful operations on workers is 60 seconds
mapped 889416 bytes (868 KB) for 8 cores
*** Operational MODE: preforking ***
WSGI app 0 (mountpoint='') ready in 0 seconds on interpreter 0x18e3c40 pid: 14505 (default app)
uWSGI running as root, you can use --uid/--gid/--chroot options
*** WARNING: you are running uWSGI as root !!! (use the --uid flag) *** 
*** uWSGI is running in multiple interpreter mode ***
spawned uWSGI master process (pid: 14505)
spawned uWSGI worker 1 (pid: 14509, cores: 1)
spawned uWSGI worker 2 (pid: 14510, cores: 1)
spawned uWSGI worker 3 (pid: 14511, cores: 1)
spawned uWSGI worker 4 (pid: 14512, cores: 1)
spawned uWSGI worker 5 (pid: 14513, cores: 1)
spawned uWSGI worker 6 (pid: 14514, cores: 1)
spawned uWSGI worker 7 (pid: 14515, cores: 1)
spawned uWSGI worker 8 (pid: 14516, cores: 1)
sdafsa
{'code': 'sdafsa'}
b'{"code": "sdafsa"}'
[pid: 14513|app: 0|req: 1/1] 61.148.243.81 () {40 vars in 509 bytes} [Sat May 12 00:24:31 2018] POST /getOpenid/ => generated 4 bytes in 137 msecs (HTTP/1.1 200) 2 headers in 88 bytes (1 switches on core 0)
sdafsa
{'code': 'sdafsa'}
b'{"code": "sdafsa"}'
[pid: 14513|app: 0|req: 2/2] 61.148.243.81 () {40 vars in 509 bytes} [Sat May 12 00:25:06 2018] POST /getOpenid/ => generated 4 bytes in 0 msecs (HTTP/1.1 200) 2 headers in 88 bytes (1 switches on core 0)
*** Starting uWSGI 2.0.17 (64bit) on [Sat May 12 00:25:48 2018] ***
compiled with version: 4.8.5 20150623 (Red Hat 4.8.5-16) on 15 March 2018 11:09:34
os: Linux-3.10.0-514.21.1.el7.x86_64 #1 SMP Thu May 25 17:04:51 UTC 2017
nodename: VM_186_195_centos
machine: x86_64
clock source: unix
pcre jit disabled
detected number of CPU cores: 1
current working directory: /root/mi/python/find_keyword2_1/dj_scrapy2
writing pidfile to uwsgi.pid
detected binary path: /root/.virtualenvs/py3/bin/uwsgi
uWSGI running as root, you can use --uid/--gid/--chroot options
*** WARNING: you are running uWSGI as root !!! (use the --uid flag) *** 
chdir() to /root/mi/python/find_keyword2_1/dj_scrapy2
your processes number limit is 7284
your memory page size is 4096 bytes
 *** WARNING: you have enabled harakiri without post buffering. Slow upload could be rejected on post-unbuffered webservers *** 
detected max file descriptor number: 100001
lock engine: pthread robust mutexes
thunder lock: disabled (you can enable it with --thunder-lock)
probably another instance of uWSGI is running on the same address (127.0.0.1:9000).
bind(): Address already in use [core/socket.c line 769]
*** Starting uWSGI 2.0.17 (64bit) on [Sat May 12 00:25:52 2018] ***
compiled with version: 4.8.5 20150623 (Red Hat 4.8.5-16) on 15 March 2018 11:09:34
os: Linux-3.10.0-514.21.1.el7.x86_64 #1 SMP Thu May 25 17:04:51 UTC 2017
nodename: VM_186_195_centos
machine: x86_64
clock source: unix
pcre jit disabled
detected number of CPU cores: 1
current working directory: /root/mi/python/find_keyword2_1/dj_scrapy2
writing pidfile to uwsgi.pid
detected binary path: /root/.virtualenvs/py3/bin/uwsgi
uWSGI running as root, you can use --uid/--gid/--chroot options
*** WARNING: you are running uWSGI as root !!! (use the --uid flag) *** 
chdir() to /root/mi/python/find_keyword2_1/dj_scrapy2
your processes number limit is 7284
your memory page size is 4096 bytes
 *** WARNING: you have enabled harakiri without post buffering. Slow upload could be rejected on post-unbuffered webservers *** 
detected max file descriptor number: 100001
lock engine: pthread robust mutexes
thunder lock: disabled (you can enable it with --thunder-lock)
uwsgi socket 0 bound to TCP address 127.0.0.1:9000 fd 3
uWSGI running as root, you can use --uid/--gid/--chroot options
*** WARNING: you are running uWSGI as root !!! (use the --uid flag) *** 
Python version: 3.6.4 (default, Mar 15 2018, 01:55:41)  [GCC 4.8.5 20150623 (Red Hat 4.8.5-16)]
Python main interpreter initialized at 0x1721c40
uWSGI running as root, you can use --uid/--gid/--chroot options
*** WARNING: you are running uWSGI as root !!! (use the --uid flag) *** 
python threads support enabled
your server socket listen backlog is limited to 100 connections
your mercy for graceful operations on workers is 60 seconds
mapped 889416 bytes (868 KB) for 8 cores
*** Operational MODE: preforking ***
WSGI app 0 (mountpoint='') ready in 1 seconds on interpreter 0x1721c40 pid: 14585 (default app)
uWSGI running as root, you can use --uid/--gid/--chroot options
*** WARNING: you are running uWSGI as root !!! (use the --uid flag) *** 
*** uWSGI is running in multiple interpreter mode ***
spawned uWSGI master process (pid: 14585)
spawned uWSGI worker 1 (pid: 14589, cores: 1)
spawned uWSGI worker 2 (pid: 14590, cores: 1)
spawned uWSGI worker 3 (pid: 14591, cores: 1)
spawned uWSGI worker 4 (pid: 14592, cores: 1)
spawned uWSGI worker 5 (pid: 14593, cores: 1)
spawned uWSGI worker 6 (pid: 14594, cores: 1)
spawned uWSGI worker 7 (pid: 14595, cores: 1)
spawned uWSGI worker 8 (pid: 14596, cores: 1)
sdafsa
{'code': 'sdafsa'}
b'{"code": "sdafsa"}'
<Response [200]>
[pid: 14593|app: 0|req: 1/1] 61.148.243.81 () {40 vars in 509 bytes} [Sat May 12 00:26:08 2018] POST /getOpenid/ => generated 4 bytes in 287 msecs (HTTP/1.1 200) 2 headers in 88 bytes (1 switches on core 0)
sdafsa
{'code': 'sdafsa'}
b'{"code": "sdafsa"}'
<Response [200]>
[pid: 14593|app: 0|req: 2/2] 61.148.243.81 () {40 vars in 509 bytes} [Sat May 12 00:26:22 2018] POST /getOpenid/ => generated 4 bytes in 152 msecs (HTTP/1.1 200) 2 headers in 88 bytes (1 switches on core 0)
*** Starting uWSGI 2.0.17 (64bit) on [Sat May 12 00:27:37 2018] ***
compiled with version: 4.8.5 20150623 (Red Hat 4.8.5-16) on 15 March 2018 11:09:34
os: Linux-3.10.0-514.21.1.el7.x86_64 #1 SMP Thu May 25 17:04:51 UTC 2017
nodename: VM_186_195_centos
machine: x86_64
clock source: unix
pcre jit disabled
detected number of CPU cores: 1
current working directory: /root/mi/python/find_keyword2_1/dj_scrapy2
writing pidfile to uwsgi.pid
detected binary path: /root/.virtualenvs/py3/bin/uwsgi
uWSGI running as root, you can use --uid/--gid/--chroot options
*** WARNING: you are running uWSGI as root !!! (use the --uid flag) *** 
chdir() to /root/mi/python/find_keyword2_1/dj_scrapy2
your processes number limit is 7284
your memory page size is 4096 bytes
 *** WARNING: you have enabled harakiri without post buffering. Slow upload could be rejected on post-unbuffered webservers *** 
detected max file descriptor number: 100001
lock engine: pthread robust mutexes
thunder lock: disabled (you can enable it with --thunder-lock)
uwsgi socket 0 bound to TCP address 127.0.0.1:9000 fd 3
uWSGI running as root, you can use --uid/--gid/--chroot options
*** WARNING: you are running uWSGI as root !!! (use the --uid flag) *** 
Python version: 3.6.4 (default, Mar 15 2018, 01:55:41)  [GCC 4.8.5 20150623 (Red Hat 4.8.5-16)]
Python main interpreter initialized at 0x16a0c40
uWSGI running as root, you can use --uid/--gid/--chroot options
*** WARNING: you are running uWSGI as root !!! (use the --uid flag) *** 
python threads support enabled
your server socket listen backlog is limited to 100 connections
your mercy for graceful operations on workers is 60 seconds
mapped 889416 bytes (868 KB) for 8 cores
*** Operational MODE: preforking ***
WSGI app 0 (mountpoint='') ready in 0 seconds on interpreter 0x16a0c40 pid: 14691 (default app)
uWSGI running as root, you can use --uid/--gid/--chroot options
*** WARNING: you are running uWSGI as root !!! (use the --uid flag) *** 
*** uWSGI is running in multiple interpreter mode ***
spawned uWSGI master process (pid: 14691)
spawned uWSGI worker 1 (pid: 14696, cores: 1)
spawned uWSGI worker 2 (pid: 14697, cores: 1)
spawned uWSGI worker 3 (pid: 14698, cores: 1)
spawned uWSGI worker 4 (pid: 14699, cores: 1)
spawned uWSGI worker 5 (pid: 14700, cores: 1)
spawned uWSGI worker 6 (pid: 14701, cores: 1)
spawned uWSGI worker 7 (pid: 14702, cores: 1)
spawned uWSGI worker 8 (pid: 14703, cores: 1)
sdafsa
{'code': 'sdafsa'}
b'{"code": "sdafsa"}'
<Response [200]> {"errcode":40029,"errmsg":"invalid code, hints: [ req_id: H.onSa0069th40 ]"}
[pid: 14696|app: 0|req: 1/1] 61.148.243.81 () {40 vars in 509 bytes} [Sat May 12 00:27:48 2018] POST /getOpenid/ => generated 4 bytes in 297 msecs (HTTP/1.1 200) 2 headers in 88 bytes (1 switches on core 0)
Internal Server Error: /getOpenid
Traceback (most recent call last):
  File "/root/.virtualenvs/py3/lib/python3.6/site-packages/django/core/handlers/exception.py", line 39, in inner
    response = get_response(request)
  File "/root/.virtualenvs/py3/lib/python3.6/site-packages/django/utils/deprecation.py", line 122, in __call__
    response = self.process_request(request)
  File "/root/.virtualenvs/py3/lib/python3.6/site-packages/django/middleware/common.py", line 63, in process_request
    path = self.get_full_path_with_slash(request)
  File "/root/.virtualenvs/py3/lib/python3.6/site-packages/django/middleware/common.py", line 101, in get_full_path_with_slash
    'url': request.get_host() + new_path,
RuntimeError: You called this URL via POST, but the URL doesn't end in a slash and you have APPEND_SLASH set. Django can't redirect to the slash URL while maintaining POST data. Change your form to point to www.yingxiongstart.cn/getOpenid/ (note the trailing slash), or set APPEND_SLASH=False in your Django settings.
[pid: 14696|app: 0|req: 2/2] 111.114.51.7 () {50 vars in 752 bytes} [Sat May 12 00:30:16 2018] POST /getOpenid => generated 58083 bytes in 56 msecs (HTTP/1.1 500) 1 headers in 63 bytes (1 switches on core 0)
Internal Server Error: /getOpenid
Traceback (most recent call last):
  File "/root/.virtualenvs/py3/lib/python3.6/site-packages/django/core/handlers/exception.py", line 39, in inner
    response = get_response(request)
  File "/root/.virtualenvs/py3/lib/python3.6/site-packages/django/utils/deprecation.py", line 122, in __call__
    response = self.process_request(request)
  File "/root/.virtualenvs/py3/lib/python3.6/site-packages/django/middleware/common.py", line 63, in process_request
    path = self.get_full_path_with_slash(request)
  File "/root/.virtualenvs/py3/lib/python3.6/site-packages/django/middleware/common.py", line 101, in get_full_path_with_slash
    'url': request.get_host() + new_path,
RuntimeError: You called this URL via POST, but the URL doesn't end in a slash and you have APPEND_SLASH set. Django can't redirect to the slash URL while maintaining POST data. Change your form to point to www.yingxiongstart.cn/getOpenid/ (note the trailing slash), or set APPEND_SLASH=False in your Django settings.
[pid: 14696|app: 0|req: 3/3] 111.114.51.7 () {50 vars in 752 bytes} [Sat May 12 00:33:43 2018] POST /getOpenid => generated 58083 bytes in 34 msecs (HTTP/1.1 500) 1 headers in 63 bytes (1 switches on core 0)
061p6cX92bDOqR0U1pY924l7X92p6cXC
{'code': '061p6cX92bDOqR0U1pY924l7X92p6cXC'}
b'{"code":"061p6cX92bDOqR0U1pY924l7X92p6cXC"}'
<Response [200]> {"session_key":"r\/yzknknVGr6mbEomef5Fg==","openid":"oAVAu5QK5gLVPsjX50q5X28jFU24"}
[pid: 14696|app: 0|req: 4/4] 111.114.51.7 () {50 vars in 754 bytes} [Sat May 12 00:33:52 2018] POST /getOpenid/ => generated 4 bytes in 177 msecs (HTTP/1.1 200) 2 headers in 88 bytes (1 switches on core 0)
Not Found: /
[pid: 14696|app: 0|req: 5/5] 139.162.116.133 () {34 vars in 391 bytes} [Sat May 12 07:33:16 2018] GET / => generated 2583 bytes in 3 msecs (HTTP/1.1 404) 2 headers in 80 bytes (1 switches on core 0)
001AWxLw1XMXMa0cyXKw1EIMLw1AWxLn
{'code': '001AWxLw1XMXMa0cyXKw1EIMLw1AWxLn'}
b'{"code":"001AWxLw1XMXMa0cyXKw1EIMLw1AWxLn"}'
<Response [200]> {"session_key":"yjlZBKzxxr86n4wBPWFUvA==","openid":"oAVAu5QK5gLVPsjX50q5X28jFU24"}
[pid: 14696|app: 0|req: 6/6] 111.114.39.73 () {50 vars in 755 bytes} [Sat May 12 09:14:35 2018] POST /getOpenid/ => generated 4 bytes in 172 msecs (HTTP/1.1 200) 2 headers in 88 bytes (1 switches on core 0)
001ozSxJ0MUIt62IO1xJ0gYUxJ0ozSx6
{'code': '001ozSxJ0MUIt62IO1xJ0gYUxJ0ozSx6'}
b'{"code":"001ozSxJ0MUIt62IO1xJ0gYUxJ0ozSx6"}'
<Response [200]> {"session_key":"lW2UYpSr3TT4HIlH+BM4Iw==","openid":"oAVAu5QK5gLVPsjX50q5X28jFU24"}
[pid: 14696|app: 0|req: 7/7] 111.114.39.73 () {50 vars in 755 bytes} [Sat May 12 09:17:20 2018] POST /getOpenid/ => generated 4 bytes in 172 msecs (HTTP/1.1 200) 2 headers in 88 bytes (1 switches on core 0)
0713iaQ61iOucS1YkyT61BaSP613iaQV
{'code': '0713iaQ61iOucS1YkyT61BaSP613iaQV'}
b'{"code":"0713iaQ61iOucS1YkyT61BaSP613iaQV"}'
<Response [200]> {"session_key":"lW2UYpSr3TT4HIlH+BM4Iw==","openid":"oAVAu5QK5gLVPsjX50q5X28jFU24"}
[pid: 14696|app: 0|req: 8/8] 111.114.39.73 () {50 vars in 755 bytes} [Sat May 12 09:17:22 2018] POST /getOpenid/ => generated 4 bytes in 161 msecs (HTTP/1.1 200) 2 headers in 88 bytes (1 switches on core 0)
